<?xml version="1.0" encoding="UTF-8"?>
<!-- Generated by org.testng.reporters.JUnitReportReporter -->
<testsuite skipped="0" hostname="DESKTOP-05G1CK8" name="com.googlesearch.web.tests.GoogleSearchTest" tests="1" failures="0" timestamp="2021-04-10T15:11:34 IST" time="25.448" errors="0">
  <testcase name="validateGoogleSearch" time="25.448" classname="com.googlesearch.web.tests.GoogleSearchTest"/>
  <system-out/>
</testsuite> <!-- com.googlesearch.web.tests.GoogleSearchTest -->
